<?xml version="1.0" encoding="UTF-8"?>
<testng-results ignored="1" total="3" passed="2" failed="0" skipped="0">
  <reporter-output>
  </reporter-output>
  <suite started-at="2024-12-29T16:24:06 IST" name="Suite1" finished-at="2024-12-29T16:24:37 IST" duration-ms="31575">
    <groups>
    </groups>
    <test started-at="2024-12-29T16:24:06 IST" name="Test1" finished-at="2024-12-29T16:24:37 IST" duration-ms="31575">
      <class name="test.TestNgTest2">
        <test-method is-config="true" signature="setupTest()[pri:0, instance:test.TestNgTest2@3c7f66c4]" started-at="2024-12-29T16:24:23 IST" name="setupTest" finished-at="2024-12-29T16:24:28 IST" duration-ms="4621" status="PASS">
          <reporter-output>
          </reporter-output>
        </test-method> <!-- setupTest -->
        <test-method signature="googleSearch3()[pri:0, instance:test.TestNgTest2@3c7f66c4]" started-at="2024-12-29T16:24:28 IST" name="googleSearch3" finished-at="2024-12-29T16:24:34 IST" duration-ms="5750" status="PASS">
          <reporter-output>
          </reporter-output>
        </test-method> <!-- googleSearch3 -->
        <test-method is-config="true" signature="tearDown()[pri:0, instance:test.TestNgTest2@3c7f66c4]" started-at="2024-12-29T16:24:37 IST" name="tearDown" finished-at="2024-12-29T16:24:37 IST" duration-ms="422" status="PASS">
          <reporter-output>
          </reporter-output>
        </test-method> <!-- tearDown -->
      </class> <!-- test.TestNgTest2 -->
      <class name="test.TestNgTest">
        <test-method is-config="true" signature="setupTest()[pri:0, instance:test.TestNgTest@57cf54e1]" started-at="2024-12-29T16:24:06 IST" name="setupTest" finished-at="2024-12-29T16:24:23 IST" duration-ms="17570" status="PASS">
          <reporter-output>
          </reporter-output>
        </test-method> <!-- setupTest -->
        <test-method signature="googleSearch()[pri:0, instance:test.TestNgTest@57cf54e1]" started-at="2024-12-29T16:24:28 IST" name="googleSearch" finished-at="2024-12-29T16:24:34 IST" duration-ms="5411" status="PASS">
          <reporter-output>
          </reporter-output>
        </test-method> <!-- googleSearch -->
        <test-method is-config="true" signature="tearDown()[pri:0, instance:test.TestNgTest@57cf54e1]" started-at="2024-12-29T16:24:34 IST" name="tearDown" finished-at="2024-12-29T16:24:37 IST" duration-ms="3126" status="PASS">
          <reporter-output>
          </reporter-output>
        </test-method> <!-- tearDown -->
      </class> <!-- test.TestNgTest -->
    </test> <!-- Test1 -->
  </suite> <!-- Suite1 -->
</testng-results>
