<?xml version="1.0" encoding="UTF-8"?>
<testng-results ignored="0" total="1" passed="1" failed="0" skipped="0">
  <reporter-output>
  </reporter-output>
  <suite started-at="2024-12-18T00:11:04 IST" name="Default suite" finished-at="2024-12-18T00:11:28 IST" duration-ms="24038">
    <groups>
    </groups>
    <test started-at="2024-12-18T00:11:04 IST" name="Default test" finished-at="2024-12-18T00:11:28 IST" duration-ms="24038">
      <class name="test.OrangeHRMTest">
        <test-method is-config="true" signature="setUp()[pri:0, instance:test.OrangeHRMTest@342c38f8]" started-at="2024-12-18T00:11:04 IST" name="setUp" finished-at="2024-12-18T00:11:13 IST" duration-ms="9089" status="PASS">
          <reporter-output>
          </reporter-output>
        </test-method> <!-- setUp -->
        <test-method signature="testUntitledTestCase()[pri:0, instance:test.OrangeHRMTest@342c38f8]" started-at="2024-12-18T00:11:13 IST" name="testUntitledTestCase" finished-at="2024-12-18T00:11:27 IST" duration-ms="14368" status="PASS">
          <reporter-output>
          </reporter-output>
        </test-method> <!-- testUntitledTestCase -->
        <test-method is-config="true" signature="tearDown()[pri:0, instance:test.OrangeHRMTest@342c38f8]" started-at="2024-12-18T00:11:27 IST" name="tearDown" finished-at="2024-12-18T00:11:28 IST" duration-ms="489" status="PASS">
          <reporter-output>
          </reporter-output>
        </test-method> <!-- tearDown -->
      </class> <!-- test.OrangeHRMTest -->
    </test> <!-- Default test -->
  </suite> <!-- Default suite -->
</testng-results>
