<?xml version="1.0" encoding="UTF-8"?>
<!-- Generated by org.testng.reporters.JUnitXMLReporter -->
<testsuite ignored="1" hostname="DESKTOP-AP8LOSU" failures="0" tests="2" name="Test1" time="12.354" errors="0" timestamp="2024-11-29T11:35:59 IST">
  <testcase classname="test.TestNgTest" name="googleSearch" time="6.966"/>
  <testcase classname="test.TestNgTest2" name="googleSearch3" time="7.02"/>
  <testcase classname="test.TestNgTest2" name="googleSearch2" time="0.0">
    <ignored/>
  </testcase> <!-- googleSearch2 -->
</testsuite> <!-- Test1 -->
