<?xml version="1.0" encoding="UTF-8"?>
<!-- Generated by org.testng.reporters.JUnitXMLReporter -->
<testsuite ignored="1" hostname="DESKTOP-AP8LOSU" failures="0" tests="2" name="Test1" time="31.575" errors="0" timestamp="2024-12-29T16:24:37 IST">
  <testcase classname="test.TestNgTest" name="googleSearch" time="5.411"/>
  <testcase classname="test.TestNgTest2" name="googleSearch3" time="5.75"/>
  <testcase classname="test.TestNgTest2" name="googleSearch2" time="0.0">
    <ignored/>
  </testcase> <!-- googleSearch2 -->
</testsuite> <!-- Test1 -->
