<?xml version="1.0" encoding="UTF-8"?>
<!-- Generated by org.testng.reporters.JUnitXMLReporter -->
<testsuite ignored="0" hostname="DESKTOP-AP8LOSU" failures="0" tests="5" name="Test1" time="0.13" errors="0" timestamp="2024-12-17T20:05:54 IST">
  <testcase classname="test.TestNgGroupDemo" name="test1" time="0.018"/>
  <testcase classname="test.TestNgGroupDemo" name="test2" time="0.004"/>
  <testcase classname="test.TestNgGroupDemo" name="test3" time="0.004"/>
  <testcase classname="test.TestNgGroupDemo" name="test4" time="0.004"/>
  <testcase classname="test.TestNgGroupDemo" name="test5" time="0.002"/>
</testsuite> <!-- Test1 -->
