<?xml version="1.0" encoding="UTF-8"?>
<!-- Generated by org.testng.reporters.JUnitXMLReporter -->
<testsuite ignored="0" hostname="DESKTOP-AP8LOSU" failures="0" tests="3" name="Test" time="0.109" errors="0" timestamp="2024-12-09T11:25:30 IST">
  <testcase classname="listenersPackage.TestNGListnerDemo" name="test1" time="0.016"/>
  <testcase classname="listenersPackage.TestNGListnerDemo" name="test2" time="0.002"/>
  <testcase classname="listenersPackage.TestNGListnerDemo" name="test3" time="0.003"/>
</testsuite> <!-- Test -->
